# JRE version: OpenJDK Runtime Environment (16.0.2+7) (build 16.0.2+7-67)
# Java VM: OpenJDK 64-Bit Server VM (16.0.2+7-67, mixed mode, tiered, compressed oops, compressed class ptrs, g1 gc, windows-amd64)
GC Precious Log:
 CPUs: 4 total, 4 available
 Memory: 16207M
 Large Page Support: Disabled
 NUMA Support: Disabled
 Compressed Oops: Enabled (Zero based)
 Heap Region Size: 2M
 Heap Min Capacity: 8M
 Heap Initial Capacity: 254M
 Heap Max Capacity: 4052M
 Pre-touch: Disabled
 Parallel Workers: 4
 Concurrent Workers: 1
 Concurrent Refinement Workers: 4
 Periodic GC: Disabled
Heap:
 garbage-first heap   total 811008K, used 432908K [0x0000000702c00000, 0x0000000800000000)
  region size 2048K, 139 young (284672K), 24 survivors (49152K)
 Metaspace       used 39148K, committed 39424K, reserved 1089536K
  class space    used 3860K, committed 3968K, reserved 1048576K
GC Heap History (20 events):
Event: 9.377 GC heap before
{Heap before GC invocations=23 (full 0):
 garbage-first heap   total 229376K, used 169048K [0x0000000702c00000, 0x0000000800000000)
  region size 2048K, 31 young (63488K), 1 survivors (2048K)
 Metaspace       used 36344K, committed 36608K, reserved 1089536K
  class space    used 3635K, committed 3776K, reserved 1048576K
}
Event: 9.383 GC heap after
{Heap after GC invocations=24 (full 0):
 garbage-first heap   total 229376K, used 111463K [0x0000000702c00000, 0x0000000800000000)
  region size 2048K, 3 young (6144K), 3 survivors (6144K)
 Metaspace       used 36344K, committed 36608K, reserved 1089536K
  class space    used 3635K, committed 3776K, reserved 1048576K
}
Event: 9.406 GC heap before
{Heap before GC invocations=24 (full 0):
 garbage-first heap   total 229376K, used 115559K [0x0000000702c00000, 0x0000000800000000)
  region size 2048K, 5 young (10240K), 3 survivors (6144K)
 Metaspace       used 36350K, committed 36608K, reserved 1089536K
  class space    used 3636K, committed 3776K, reserved 1048576K
}
Event: 9.422 GC heap after
{Heap after GC invocations=25 (full 0):
 garbage-first heap   total 229376K, used 98910K [0x0000000702c00000, 0x0000000800000000)
  region size 2048K, 1 young (2048K), 1 survivors (2048K)
 Metaspace       used 36350K, committed 36608K, reserved 1089536K
  class space    used 3636K, committed 3776K, reserved 1048576K
}
Event: 9.590 GC heap before
{Heap before GC invocations=25 (full 0):
 garbage-first heap   total 229376K, used 170590K [0x0000000702c00000, 0x0000000800000000)
  region size 2048K, 36 young (73728K), 1 survivors (2048K)
 Metaspace       used 36464K, committed 36736K, reserved 1089536K
  class space    used 3639K, committed 3776K, reserved 1048576K
}
Event: 9.593 GC heap after
{Heap after GC invocations=26 (full 0):
 garbage-first heap   total 526336K, used 99461K [0x0000000702c00000, 0x0000000800000000)
  region size 2048K, 1 young (2048K), 1 survivors (2048K)
 Metaspace       used 36464K, committed 36736K, reserved 1089536K
  class space    used 3639K, committed 3776K, reserved 1048576K
}
Event: 10.189 GC heap before
{Heap before GC invocations=26 (full 0):
 garbage-first heap   total 526336K, used 367749K [0x0000000702c00000, 0x0000000800000000)
  region size 2048K, 132 young (270336K), 1 survivors (2048K)
 Metaspace       used 36621K, committed 36864K, reserved 1089536K
  class space    used 3640K, committed 3776K, reserved 1048576K
}
Event: 10.196 GC heap after
{Heap after GC invocations=27 (full 0):
 garbage-first heap   total 526336K, used 103491K [0x0000000702c00000, 0x0000000800000000)
  region size 2048K, 3 young (6144K), 3 survivors (6144K)
 Metaspace       used 36621K, committed 36864K, reserved 1089536K
  class space    used 3640K, committed 3776K, reserved 1048576K
}
Event: 10.525 GC heap before
{Heap before GC invocations=27 (full 0):
 garbage-first heap   total 526336K, used 416835K [0x0000000702c00000, 0x0000000800000000)
  region size 2048K, 154 young (315392K), 3 survivors (6144K)
 Metaspace       used 36642K, committed 36992K, reserved 1089536K
  class space    used 3642K, committed 3776K, reserved 1048576K
}
Event: 10.536 GC heap after
{Heap after GC invocations=28 (full 0):
 garbage-first heap   total 526336K, used 115840K [0x0000000702c00000, 0x0000000800000000)
  region size 2048K, 7 young (14336K), 7 survivors (14336K)
 Metaspace       used 36642K, committed 36992K, reserved 1089536K
  class space    used 3642K, committed 3776K, reserved 1048576K
}
Event: 10.795 GC heap before
{Heap before GC invocations=28 (full 0):
 garbage-first heap   total 526336K, used 416896K [0x0000000702c00000, 0x0000000800000000)
  region size 2048K, 154 young (315392K), 7 survivors (14336K)
 Metaspace       used 36663K, committed 36992K, reserved 1089536K
  class space    used 3642K, committed 3776K, reserved 1048576K
}
Event: 10.809 GC heap after
{Heap after GC invocations=29 (full 0):
 garbage-first heap   total 526336K, used 120232K [0x0000000702c00000, 0x0000000800000000)
  region size 2048K, 9 young (18432K), 9 survivors (18432K)
 Metaspace       used 36663K, committed 36992K, reserved 1089536K
  class space    used 3642K, committed 3776K, reserved 1048576K
}
Event: 11.039 GC heap before
{Heap before GC invocations=29 (full 0):
 garbage-first heap   total 526336K, used 419240K [0x0000000702c00000, 0x0000000800000000)
  region size 2048K, 154 young (315392K), 9 survivors (18432K)
 Metaspace       used 36671K, committed 36992K, reserved 1089536K
  class space    used 3642K, committed 3776K, reserved 1048576K
}
Event: 11.056 GC heap after
{Heap after GC invocations=30 (full 0):
 garbage-first heap   total 526336K, used 126384K [0x0000000702c00000, 0x0000000800000000)
  region size 2048K, 11 young (22528K), 11 survivors (22528K)
 Metaspace       used 36671K, committed 36992K, reserved 1089536K
  class space    used 3642K, committed 3776K, reserved 1048576K
}
Event: 11.283 GC heap before
{Heap before GC invocations=30 (full 0):
 garbage-first heap   total 526336K, used 419248K [0x0000000702c00000, 0x0000000800000000)
  region size 2048K, 154 young (315392K), 11 survivors (22528K)
 Metaspace       used 36683K, committed 36992K, reserved 1089536K
  class space    used 3642K, committed 3776K, reserved 1048576K
}
Event: 11.305 GC heap after
{Heap after GC invocations=31 (full 0):
 garbage-first heap   total 526336K, used 129950K [0x0000000702c00000, 0x0000000800000000)
  region size 2048K, 12 young (24576K), 12 survivors (24576K)
 Metaspace       used 36683K, committed 36992K, reserved 1089536K
  class space    used 3642K, committed 3776K, reserved 1048576K
}
Event: 12.086 GC heap before
{Heap before GC invocations=31 (full 0):
 garbage-first heap   total 526336K, used 431006K [0x0000000702c00000, 0x0000000800000000)
  region size 2048K, 154 young (315392K), 12 survivors (24576K)
 Metaspace       used 36791K, committed 37120K, reserved 1089536K
  class space    used 3645K, committed 3776K, reserved 1048576K
}
Event: 12.123 GC heap after
{Heap after GC invocations=32 (full 0):
 garbage-first heap   total 811008K, used 163117K [0x0000000702c00000, 0x0000000800000000)
  region size 2048K, 20 young (40960K), 20 survivors (40960K)
 Metaspace       used 36791K, committed 37120K, reserved 1089536K
  class space    used 3645K, committed 3776K, reserved 1048576K
}
Event: 13.568 GC heap before
{Heap before GC invocations=32 (full 0):
 garbage-first heap   total 811008K, used 621869K [0x0000000702c00000, 0x0000000800000000)
  region size 2048K, 237 young (485376K), 20 survivors (40960K)
 Metaspace       used 36861K, committed 37184K, reserved 1089536K
  class space    used 3645K, committed 3776K, reserved 1048576K
}
Event: 13.611 GC heap after
{Heap after GC invocations=33 (full 0):
 garbage-first heap   total 811008K, used 199436K [0x0000000702c00000, 0x0000000800000000)
  region size 2048K, 24 young (49152K), 24 survivors (49152K)
 Metaspace       used 36861K, committed 37184K, reserved 1089536K
  class space    used 3645K, committed 3776K, reserved 1048576K
}

