# JRE version: OpenJDK Runtime Environment (16.0.2+7) (build 16.0.2+7-67)
# Java VM: OpenJDK 64-Bit Server VM (16.0.2+7-67, mixed mode, tiered, compressed oops, compressed class ptrs, g1 gc, windows-amd64)
GC Precious Log:
 CPUs: 4 total, 4 available
 Memory: 16207M
 Large Page Support: Disabled
 NUMA Support: Disabled
 Compressed Oops: Enabled (Zero based)
 Heap Region Size: 2M
 Heap Min Capacity: 8M
 Heap Initial Capacity: 254M
 Heap Max Capacity: 4052M
 Pre-touch: Disabled
 Parallel Workers: 4
 Concurrent Workers: 1
 Concurrent Refinement Workers: 4
 Periodic GC: Disabled
Heap:
 garbage-first heap   total 487424K, used 163786K [0x0000000702c00000, 0x0000000800000000)
  region size 2048K, 15 young (30720K), 15 survivors (30720K)
 Metaspace       used 36796K, committed 37120K, reserved 1089536K
  class space    used 3645K, committed 3776K, reserved 1048576K
GC Heap History (20 events):
Event: 8.962 GC heap after
{Heap after GC invocations=25 (full 0):
 garbage-first heap   total 194560K, used 99205K [0x0000000702c00000, 0x0000000800000000)
  region size 2048K, 1 young (2048K), 1 survivors (2048K)
 Metaspace       used 36328K, committed 36608K, reserved 1089536K
  class space    used 3638K, committed 3776K, reserved 1048576K
}
Event: 9.057 GC heap before
{Heap before GC invocations=25 (full 0):
 garbage-first heap   total 194560K, used 152453K [0x0000000702c00000, 0x0000000800000000)
  region size 2048K, 27 young (55296K), 1 survivors (2048K)
 Metaspace       used 36405K, committed 36736K, reserved 1089536K
  class space    used 3639K, committed 3776K, reserved 1048576K
}
Event: 9.061 GC heap after
{Heap after GC invocations=26 (full 0):
 garbage-first heap   total 401408K, used 99965K [0x0000000702c00000, 0x0000000800000000)
  region size 2048K, 1 young (2048K), 1 survivors (2048K)
 Metaspace       used 36405K, committed 36736K, reserved 1089536K
  class space    used 3639K, committed 3776K, reserved 1048576K
}
Event: 9.507 GC heap before
{Heap before GC invocations=27 (full 0):
 garbage-first heap   total 335872K, used 278141K [0x0000000702c00000, 0x0000000800000000)
  region size 2048K, 94 young (192512K), 1 survivors (2048K)
 Metaspace       used 36543K, committed 36800K, reserved 1089536K
  class space    used 3640K, committed 3776K, reserved 1048576K
}
Event: 9.514 GC heap after
{Heap after GC invocations=28 (full 0):
 garbage-first heap   total 335872K, used 90660K [0x0000000702c00000, 0x0000000800000000)
  region size 2048K, 3 young (6144K), 3 survivors (6144K)
 Metaspace       used 36543K, committed 36800K, reserved 1089536K
  class space    used 3640K, committed 3776K, reserved 1048576K
}
Event: 9.742 GC heap before
{Heap before GC invocations=28 (full 0):
 garbage-first heap   total 335872K, used 268836K [0x0000000702c00000, 0x0000000800000000)
  region size 2048K, 90 young (184320K), 3 survivors (6144K)
 Metaspace       used 36582K, committed 36864K, reserved 1089536K
  class space    used 3641K, committed 3776K, reserved 1048576K
}
Event: 9.749 GC heap after
{Heap after GC invocations=29 (full 0):
 garbage-first heap   total 335872K, used 93388K [0x0000000702c00000, 0x0000000800000000)
  region size 2048K, 4 young (8192K), 4 survivors (8192K)
 Metaspace       used 36582K, committed 36864K, reserved 1089536K
  class space    used 3641K, committed 3776K, reserved 1048576K
}
Event: 9.953 GC heap before
{Heap before GC invocations=29 (full 0):
 garbage-first heap   total 335872K, used 275660K [0x0000000702c00000, 0x0000000800000000)
  region size 2048K, 92 young (188416K), 4 survivors (8192K)
 Metaspace       used 36586K, committed 36864K, reserved 1089536K
  class space    used 3642K, committed 3776K, reserved 1048576K
}
Event: 9.970 GC heap after
{Heap after GC invocations=30 (full 0):
 garbage-first heap   total 335872K, used 103698K [0x0000000702c00000, 0x0000000800000000)
  region size 2048K, 7 young (14336K), 7 survivors (14336K)
 Metaspace       used 36586K, committed 36864K, reserved 1089536K
  class space    used 3642K, committed 3776K, reserved 1048576K
}
Event: 10.145 GC heap before
{Heap before GC invocations=30 (full 0):
 garbage-first heap   total 335872K, used 275730K [0x0000000702c00000, 0x0000000800000000)
  region size 2048K, 91 young (186368K), 7 survivors (14336K)
 Metaspace       used 36600K, committed 36864K, reserved 1089536K
  class space    used 3642K, committed 3776K, reserved 1048576K
}
Event: 10.156 GC heap after
{Heap after GC invocations=31 (full 0):
 garbage-first heap   total 335872K, used 107074K [0x0000000702c00000, 0x0000000800000000)
  region size 2048K, 8 young (16384K), 8 survivors (16384K)
 Metaspace       used 36600K, committed 36864K, reserved 1089536K
  class space    used 3642K, committed 3776K, reserved 1048576K
}
Event: 10.295 GC heap before
{Heap before GC invocations=31 (full 0):
 garbage-first heap   total 335872K, used 281154K [0x0000000702c00000, 0x0000000800000000)
  region size 2048K, 92 young (188416K), 8 survivors (16384K)
 Metaspace       used 36607K, committed 36864K, reserved 1089536K
  class space    used 3642K, committed 3776K, reserved 1048576K
}
Event: 10.310 GC heap after
{Heap after GC invocations=32 (full 0):
 garbage-first heap   total 487424K, used 110787K [0x0000000702c00000, 0x0000000800000000)
  region size 2048K, 7 young (14336K), 7 survivors (14336K)
 Metaspace       used 36607K, committed 36864K, reserved 1089536K
  class space    used 3642K, committed 3776K, reserved 1048576K
}
Event: 10.570 GC heap before
{Heap before GC invocations=32 (full 0):
 garbage-first heap   total 487424K, used 387267K [0x0000000702c00000, 0x0000000800000000)
  region size 2048K, 142 young (290816K), 7 survivors (14336K)
 Metaspace       used 36614K, committed 36864K, reserved 1089536K
  class space    used 3642K, committed 3776K, reserved 1048576K
}
Event: 10.588 GC heap after
{Heap after GC invocations=33 (full 0):
 garbage-first heap   total 487424K, used 114805K [0x0000000702c00000, 0x0000000800000000)
  region size 2048K, 9 young (18432K), 9 survivors (18432K)
 Metaspace       used 36614K, committed 36864K, reserved 1089536K
  class space    used 3642K, committed 3776K, reserved 1048576K
}
Event: 10.776 GC heap before
{Heap before GC invocations=33 (full 0):
 garbage-first heap   total 487424K, used 387189K [0x0000000702c00000, 0x0000000800000000)
  region size 2048K, 142 young (290816K), 9 survivors (18432K)
 Metaspace       used 36624K, committed 36928K, reserved 1089536K
  class space    used 3642K, committed 3776K, reserved 1048576K
}
Event: 10.792 GC heap after
{Heap after GC invocations=34 (full 0):
 garbage-first heap   total 487424K, used 118979K [0x0000000702c00000, 0x0000000800000000)
  region size 2048K, 11 young (22528K), 11 survivors (22528K)
 Metaspace       used 36624K, committed 36928K, reserved 1089536K
  class space    used 3642K, committed 3776K, reserved 1048576K
}
Event: 11.210 GC heap before
{Heap before GC invocations=34 (full 0):
 garbage-first heap   total 487424K, used 397507K [0x0000000702c00000, 0x0000000800000000)
  region size 2048K, 142 young (290816K), 11 survivors (22528K)
 Metaspace       used 36680K, committed 36928K, reserved 1089536K
  class space    used 3645K, committed 3776K, reserved 1048576K
}
Event: 11.237 GC heap after
{Heap after GC invocations=35 (full 0):
 garbage-first heap   total 487424K, used 145746K [0x0000000702c00000, 0x0000000800000000)
  region size 2048K, 14 young (28672K), 14 survivors (28672K)
 Metaspace       used 36680K, committed 36928K, reserved 1089536K
  class space    used 3645K, committed 3776K, reserved 1048576K
}
Event: 12.270 GC heap before
{Heap before GC invocations=35 (full 0):
 garbage-first heap   total 487424K, used 409938K [0x0000000702c00000, 0x0000000800000000)
  region size 2048K, 141 young (288768K), 14 survivors (28672K)
 Metaspace       used 36796K, committed 37120K, reserved 1089536K
  class space    used 3645K, committed 3776K, reserved 1048576K
}

